
7-Zip 4.51 beta  Copyright (c) 1999-2007 Igor Pavlov  2007-07-25
p7zip Version 4.51 (locale=en_US.ISO-8859-15,Utf16=on,HugeFiles=on,2 CPUs)
Scanning

Creating archive today.7z

Compressing  20071014200319.deset.txt
Compressing  20071014200319.dr.txt
Compressing  20071014200319.orem.txt
Compressing  20071014200319._1.txt
Compressing  20071014200319._1_1.txt
Compressing  20071014200319._2.txt

Everything is Ok

7-Zip 4.51 beta  Copyright (c) 1999-2007 Igor Pavlov  2007-07-25
p7zip Version 4.51 (locale=en_US.ISO-8859-15,Utf16=on,HugeFiles=on,2 CPUs)
Scanning

Creating archive info.7z

Compressing  20071014200319.de.info
Compressing  20071014200319._1.info
Compressing  20071014200319._1_1.info
Compressing  20071014200319._1_1_1.info
Compressing  20071014200319._1_1_1_1.info
Compressing  20071014200319._1_1_2.info
Compressing  20071014200319._1_1_2_2.info
Compressing  20071014200319._1_1_2_2_1.info
Compressing  20071014200319._1_1_3.info
Compressing  20071014200319._1_1_4.info
Compressing  20071014200319._1_1_4_1.info
Compressing  20071014200319._1_2.info
Compressing  20071014200319._1_2_1.info
Compressing  20071014200319._1_2_2.info
Compressing  20071014200319._1_3.info
Compressing  20071014200319._1_3_1.info
Compressing  20071014200319._1_3_1_1.info
Compressing  20071014200319._1_4.info
Compressing  20071014200319._1_5.info
Compressing  20071014200319._1_7.info
Compressing  20071014200319._2.info
Compressing  20071014200319._2_1.info
Compressing  20071014200319._2_1_1.info
Compressing  20071014200319._2_1_1_1.info
Compressing  20071014200319._2_2.info
Compressing  20071014200319._2_2_1.info
Compressing  20071014200319._2_2_1_1.info
Compressing  20071014200319._2_3.info
Compressing  20071014200319._2_4.info
Compressing  20071014200319._2_4_1.info
Compressing  20071014200319._3.info
Compressing  20071014200319._3_1.info
Compressing  20071014200319._3_2.info
Compressing  20071014200319._4.info
Compressing  20071014200319._4_1.info
Compressing  20071014200319._5.info
Compressing  20071014200319._6.info
Compressing  20071014200319._6_1.info
Compressing  20071014200319._7.info

Everything is Ok

7-Zip 4.51 beta  Copyright (c) 1999-2007 Igor Pavlov  2007-07-25
p7zip Version 4.51 (locale=en_US.ISO-8859-15,Utf16=on,HugeFiles=on,2 CPUs)

Scanning

Updating archive stat.7z

Compressing  20071014200319.stat

Everything is Ok
